{"total": {"lines":{"total":1099,"covered":13,"skipped":0,"pct":1.18},"statements":{"total":1213,"covered":19,"skipped":0,"pct":1.56},"functions":{"total":278,"covered":3,"skipped":0,"pct":1.07},"branches":{"total":772,"covered":3,"skipped":0,"pct":0.38},"branchesTrue":{"total":0,"covered":0,"skipped":0,"pct":100}}
,"/Users/dharshansenthil/Desktop/Hyphrki/orchestrator/backend/src/app.controller.ts": {"lines":{"total":8,"covered":7,"skipped":0,"pct":87.5},"functions":{"total":3,"covered":2,"skipped":0,"pct":66.66},"statements":{"total":10,"covered":9,"skipped":0,"pct":90},"branches":{"total":4,"covered":3,"skipped":0,"pct":75}}
,"/Users/dharshansenthil/Desktop/Hyphrki/orchestrator/backend/src/app.service.ts": {"lines":{"total":3,"covered":3,"skipped":0,"pct":100},"functions":{"total":1,"covered":1,"skipped":0,"pct":100},"statements":{"total":5,"covered":5,"skipped":0,"pct":100},"branches":{"total":0,"covered":0,"skipped":0,"pct":100}}
,"/Users/dharshansenthil/Desktop/Hyphrki/orchestrator/backend/src/agents/controllers/agents.controller.ts": {"lines":{"total":25,"covered":0,"skipped":0,"pct":0},"functions":{"total":8,"covered":0,"skipped":0,"pct":0},"statements":{"total":27,"covered":0,"skipped":0,"pct":0},"branches":{"total":16,"covered":0,"skipped":0,"pct":0}}
,"/Users/dharshansenthil/Desktop/Hyphrki/orchestrator/backend/src/agents/dto/create-agent.dto.ts": {"lines":{"total":8,"covered":0,"skipped":0,"pct":0},"functions":{"total":0,"covered":0,"skipped":0,"pct":100},"statements":{"total":8,"covered":0,"skipped":0,"pct":0},"branches":{"total":0,"covered":0,"skipped":0,"pct":100}}
,"/Users/dharshansenthil/Desktop/Hyphrki/orchestrator/backend/src/agents/dto/update-agent.dto.ts": {"lines":{"total":4,"covered":0,"skipped":0,"pct":0},"functions":{"total":0,"covered":0,"skipped":0,"pct":100},"statements":{"total":4,"covered":0,"skipped":0,"pct":0},"branches":{"total":0,"covered":0,"skipped":0,"pct":100}}
,"/Users/dharshansenthil/Desktop/Hyphrki/orchestrator/backend/src/agents/services/agents.service.ts": {"lines":{"total":63,"covered":0,"skipped":0,"pct":0},"functions":{"total":16,"covered":0,"skipped":0,"pct":0},"statements":{"total":67,"covered":0,"skipped":0,"pct":0},"branches":{"total":67,"covered":0,"skipped":0,"pct":0}}
,"/Users/dharshansenthil/Desktop/Hyphrki/orchestrator/backend/src/auth/auth.service.ts": {"lines":{"total":40,"covered":0,"skipped":0,"pct":0},"functions":{"total":11,"covered":0,"skipped":0,"pct":0},"statements":{"total":42,"covered":0,"skipped":0,"pct":0},"branches":{"total":24,"covered":0,"skipped":0,"pct":0}}
,"/Users/dharshansenthil/Desktop/Hyphrki/orchestrator/backend/src/auth/controllers/auth.controller.ts": {"lines":{"total":19,"covered":0,"skipped":0,"pct":0},"functions":{"total":4,"covered":0,"skipped":0,"pct":0},"statements":{"total":21,"covered":0,"skipped":0,"pct":0},"branches":{"total":16,"covered":0,"skipped":0,"pct":0}}
,"/Users/dharshansenthil/Desktop/Hyphrki/orchestrator/backend/src/auth/decorators/user.decorator.ts": {"lines":{"total":5,"covered":0,"skipped":0,"pct":0},"functions":{"total":1,"covered":0,"skipped":0,"pct":0},"statements":{"total":5,"covered":0,"skipped":0,"pct":0},"branches":{"total":2,"covered":0,"skipped":0,"pct":0}}
,"/Users/dharshansenthil/Desktop/Hyphrki/orchestrator/backend/src/auth/dto/login.dto.ts": {"lines":{"total":6,"covered":0,"skipped":0,"pct":0},"functions":{"total":0,"covered":0,"skipped":0,"pct":100},"statements":{"total":6,"covered":0,"skipped":0,"pct":0},"branches":{"total":0,"covered":0,"skipped":0,"pct":100}}
,"/Users/dharshansenthil/Desktop/Hyphrki/orchestrator/backend/src/auth/guards/jwt-auth.guard.ts": {"lines":{"total":3,"covered":0,"skipped":0,"pct":0},"functions":{"total":0,"covered":0,"skipped":0,"pct":100},"statements":{"total":5,"covered":0,"skipped":0,"pct":0},"branches":{"total":0,"covered":0,"skipped":0,"pct":100}}
,"/Users/dharshansenthil/Desktop/Hyphrki/orchestrator/backend/src/auth/guards/jwt-optional.guard.ts": {"lines":{"total":4,"covered":0,"skipped":0,"pct":0},"functions":{"total":1,"covered":0,"skipped":0,"pct":0},"statements":{"total":6,"covered":0,"skipped":0,"pct":0},"branches":{"total":0,"covered":0,"skipped":0,"pct":100}}
,"/Users/dharshansenthil/Desktop/Hyphrki/orchestrator/backend/src/auth/strategies/auth0.strategy.ts": {"lines":{"total":26,"covered":0,"skipped":0,"pct":0},"functions":{"total":3,"covered":0,"skipped":0,"pct":0},"statements":{"total":28,"covered":0,"skipped":0,"pct":0},"branches":{"total":28,"covered":0,"skipped":0,"pct":0}}
,"/Users/dharshansenthil/Desktop/Hyphrki/orchestrator/backend/src/auth/strategies/jwt.strategy.ts": {"lines":{"total":17,"covered":0,"skipped":0,"pct":0},"functions":{"total":3,"covered":0,"skipped":0,"pct":0},"statements":{"total":19,"covered":0,"skipped":0,"pct":0},"branches":{"total":14,"covered":0,"skipped":0,"pct":0}}
,"/Users/dharshansenthil/Desktop/Hyphrki/orchestrator/backend/src/database/prisma.service.ts": {"lines":{"total":11,"covered":3,"skipped":0,"pct":27.27},"functions":{"total":4,"covered":0,"skipped":0,"pct":0},"statements":{"total":13,"covered":5,"skipped":0,"pct":38.46},"branches":{"total":0,"covered":0,"skipped":0,"pct":100}}
,"/Users/dharshansenthil/Desktop/Hyphrki/orchestrator/backend/src/database/repositories/agent.repository.ts": {"lines":{"total":26,"covered":0,"skipped":0,"pct":0},"functions":{"total":16,"covered":0,"skipped":0,"pct":0},"statements":{"total":28,"covered":0,"skipped":0,"pct":0},"branches":{"total":14,"covered":0,"skipped":0,"pct":0}}
,"/Users/dharshansenthil/Desktop/Hyphrki/orchestrator/backend/src/database/repositories/user.repository.ts": {"lines":{"total":17,"covered":0,"skipped":0,"pct":0},"functions":{"total":11,"covered":0,"skipped":0,"pct":0},"statements":{"total":20,"covered":0,"skipped":0,"pct":0},"branches":{"total":6,"covered":0,"skipped":0,"pct":0}}
,"/Users/dharshansenthil/Desktop/Hyphrki/orchestrator/backend/src/database/repositories/workflow-execution.repository.ts": {"lines":{"total":48,"covered":0,"skipped":0,"pct":0},"functions":{"total":25,"covered":0,"skipped":0,"pct":0},"statements":{"total":55,"covered":0,"skipped":0,"pct":0},"branches":{"total":43,"covered":0,"skipped":0,"pct":0}}
,"/Users/dharshansenthil/Desktop/Hyphrki/orchestrator/backend/src/database/repositories/workflow.repository.ts": {"lines":{"total":27,"covered":0,"skipped":0,"pct":0},"functions":{"total":14,"covered":0,"skipped":0,"pct":0},"statements":{"total":30,"covered":0,"skipped":0,"pct":0},"branches":{"total":8,"covered":0,"skipped":0,"pct":0}}
,"/Users/dharshansenthil/Desktop/Hyphrki/orchestrator/backend/src/executions/controllers/executions.controller.ts": {"lines":{"total":16,"covered":0,"skipped":0,"pct":0},"functions":{"total":5,"covered":0,"skipped":0,"pct":0},"statements":{"total":20,"covered":0,"skipped":0,"pct":0},"branches":{"total":14,"covered":0,"skipped":0,"pct":0}}
,"/Users/dharshansenthil/Desktop/Hyphrki/orchestrator/backend/src/executions/dto/execute-workflow.dto.ts": {"lines":{"total":4,"covered":0,"skipped":0,"pct":0},"functions":{"total":0,"covered":0,"skipped":0,"pct":100},"statements":{"total":4,"covered":0,"skipped":0,"pct":0},"branches":{"total":0,"covered":0,"skipped":0,"pct":100}}
,"/Users/dharshansenthil/Desktop/Hyphrki/orchestrator/backend/src/executions/services/executions.service.ts": {"lines":{"total":78,"covered":0,"skipped":0,"pct":0},"functions":{"total":14,"covered":0,"skipped":0,"pct":0},"statements":{"total":89,"covered":0,"skipped":0,"pct":0},"branches":{"total":80,"covered":0,"skipped":0,"pct":0}}
,"/Users/dharshansenthil/Desktop/Hyphrki/orchestrator/backend/src/frameworks/abstraction/base-framework.adapter.ts": {"lines":{"total":31,"covered":0,"skipped":0,"pct":0},"functions":{"total":13,"covered":0,"skipped":0,"pct":0},"statements":{"total":31,"covered":0,"skipped":0,"pct":0},"branches":{"total":9,"covered":0,"skipped":0,"pct":0}}
,"/Users/dharshansenthil/Desktop/Hyphrki/orchestrator/backend/src/frameworks/abstraction/framework-abstraction.service.ts": {"lines":{"total":72,"covered":0,"skipped":0,"pct":0},"functions":{"total":14,"covered":0,"skipped":0,"pct":0},"statements":{"total":74,"covered":0,"skipped":0,"pct":0},"branches":{"total":32,"covered":0,"skipped":0,"pct":0}}
,"/Users/dharshansenthil/Desktop/Hyphrki/orchestrator/backend/src/frameworks/agno/agno.adapter.ts": {"lines":{"total":78,"covered":0,"skipped":0,"pct":0},"functions":{"total":13,"covered":0,"skipped":0,"pct":0},"statements":{"total":84,"covered":0,"skipped":0,"pct":0},"branches":{"total":44,"covered":0,"skipped":0,"pct":0}}
,"/Users/dharshansenthil/Desktop/Hyphrki/orchestrator/backend/src/frameworks/crewai/crewai.adapter.ts": {"lines":{"total":90,"covered":0,"skipped":0,"pct":0},"functions":{"total":18,"covered":0,"skipped":0,"pct":0},"statements":{"total":101,"covered":0,"skipped":0,"pct":0},"branches":{"total":71,"covered":0,"skipped":0,"pct":0}}
,"/Users/dharshansenthil/Desktop/Hyphrki/orchestrator/backend/src/frameworks/langgraph/langgraph.adapter.ts": {"lines":{"total":71,"covered":0,"skipped":0,"pct":0},"functions":{"total":12,"covered":0,"skipped":0,"pct":0},"statements":{"total":79,"covered":0,"skipped":0,"pct":0},"branches":{"total":57,"covered":0,"skipped":0,"pct":0}}
,"/Users/dharshansenthil/Desktop/Hyphrki/orchestrator/backend/src/frameworks/n8n/n8n.adapter.ts": {"lines":{"total":101,"covered":0,"skipped":0,"pct":0},"functions":{"total":19,"covered":0,"skipped":0,"pct":0},"statements":{"total":115,"covered":0,"skipped":0,"pct":0},"branches":{"total":103,"covered":0,"skipped":0,"pct":0}}
,"/Users/dharshansenthil/Desktop/Hyphrki/orchestrator/backend/src/frameworks/registry/framework-registry.ts": {"lines":{"total":37,"covered":0,"skipped":0,"pct":0},"functions":{"total":13,"covered":0,"skipped":0,"pct":0},"statements":{"total":39,"covered":0,"skipped":0,"pct":0},"branches":{"total":6,"covered":0,"skipped":0,"pct":0}}
,"/Users/dharshansenthil/Desktop/Hyphrki/orchestrator/backend/src/health/health.controller.ts": {"lines":{"total":11,"covered":0,"skipped":0,"pct":0},"functions":{"total":3,"covered":0,"skipped":0,"pct":0},"statements":{"total":13,"covered":0,"skipped":0,"pct":0},"branches":{"total":6,"covered":0,"skipped":0,"pct":0}}
,"/Users/dharshansenthil/Desktop/Hyphrki/orchestrator/backend/src/organizations/controllers/organizations.controller.ts": {"lines":{"total":13,"covered":0,"skipped":0,"pct":0},"functions":{"total":4,"covered":0,"skipped":0,"pct":0},"statements":{"total":15,"covered":0,"skipped":0,"pct":0},"branches":{"total":8,"covered":0,"skipped":0,"pct":0}}
,"/Users/dharshansenthil/Desktop/Hyphrki/orchestrator/backend/src/organizations/dto/create-organization.dto.ts": {"lines":{"total":5,"covered":0,"skipped":0,"pct":0},"functions":{"total":0,"covered":0,"skipped":0,"pct":100},"statements":{"total":5,"covered":0,"skipped":0,"pct":0},"branches":{"total":0,"covered":0,"skipped":0,"pct":100}}
,"/Users/dharshansenthil/Desktop/Hyphrki/orchestrator/backend/src/organizations/services/organizations.service.ts": {"lines":{"total":21,"covered":0,"skipped":0,"pct":0},"functions":{"total":6,"covered":0,"skipped":0,"pct":0},"statements":{"total":23,"covered":0,"skipped":0,"pct":0},"branches":{"total":14,"covered":0,"skipped":0,"pct":0}}
,"/Users/dharshansenthil/Desktop/Hyphrki/orchestrator/backend/src/users/controllers/users.controller.ts": {"lines":{"total":11,"covered":0,"skipped":0,"pct":0},"functions":{"total":3,"covered":0,"skipped":0,"pct":0},"statements":{"total":13,"covered":0,"skipped":0,"pct":0},"branches":{"total":8,"covered":0,"skipped":0,"pct":0}}
,"/Users/dharshansenthil/Desktop/Hyphrki/orchestrator/backend/src/users/dto/update-user.dto.ts": {"lines":{"total":4,"covered":0,"skipped":0,"pct":0},"functions":{"total":0,"covered":0,"skipped":0,"pct":100},"statements":{"total":4,"covered":0,"skipped":0,"pct":0},"branches":{"total":0,"covered":0,"skipped":0,"pct":100}}
,"/Users/dharshansenthil/Desktop/Hyphrki/orchestrator/backend/src/users/services/users.service.ts": {"lines":{"total":14,"covered":0,"skipped":0,"pct":0},"functions":{"total":3,"covered":0,"skipped":0,"pct":0},"statements":{"total":16,"covered":0,"skipped":0,"pct":0},"branches":{"total":12,"covered":0,"skipped":0,"pct":0}}
,"/Users/dharshansenthil/Desktop/Hyphrki/orchestrator/backend/src/workflows/controllers/workflows.controller.ts": {"lines":{"total":18,"covered":0,"skipped":0,"pct":0},"functions":{"total":6,"covered":0,"skipped":0,"pct":0},"statements":{"total":22,"covered":0,"skipped":0,"pct":0},"branches":{"total":16,"covered":0,"skipped":0,"pct":0}}
,"/Users/dharshansenthil/Desktop/Hyphrki/orchestrator/backend/src/workflows/dto/create-workflow.dto.ts": {"lines":{"total":7,"covered":0,"skipped":0,"pct":0},"functions":{"total":0,"covered":0,"skipped":0,"pct":100},"statements":{"total":7,"covered":0,"skipped":0,"pct":0},"branches":{"total":0,"covered":0,"skipped":0,"pct":100}}
,"/Users/dharshansenthil/Desktop/Hyphrki/orchestrator/backend/src/workflows/dto/update-workflow.dto.ts": {"lines":{"total":5,"covered":0,"skipped":0,"pct":0},"functions":{"total":0,"covered":0,"skipped":0,"pct":100},"statements":{"total":5,"covered":0,"skipped":0,"pct":0},"branches":{"total":0,"covered":0,"skipped":0,"pct":100}}
,"/Users/dharshansenthil/Desktop/Hyphrki/orchestrator/backend/src/workflows/services/workflows.service.ts": {"lines":{"total":52,"covered":0,"skipped":0,"pct":0},"functions":{"total":11,"covered":0,"skipped":0,"pct":0},"statements":{"total":55,"covered":0,"skipped":0,"pct":0},"branches":{"total":50,"covered":0,"skipped":0,"pct":0}}
}
