TN:
SF:src/app.controller.ts
FN:6,(anonymous_4)
FN:9,(anonymous_5)
FN:14,(anonymous_6)
FNF:3
FNH:2
FNDA:1,(anonymous_4)
FNDA:1,(anonymous_5)
FNDA:0,(anonymous_6)
DA:1,1
DA:2,1
DA:5,1
DA:6,1
DA:9,1
DA:10,1
DA:14,1
DA:15,0
LF:8
LH:7
BRDA:6,0,0,1
BRDA:6,0,1,0
BRDA:6,1,0,1
BRDA:6,1,1,1
BRF:4
BRH:3
end_of_record
TN:
SF:src/app.service.ts
FN:5,(anonymous_1)
FNF:1
FNH:1
FNDA:1,(anonymous_1)
DA:1,1
DA:4,1
DA:6,1
LF:3
LH:3
BRF:0
BRH:0
end_of_record
TN:
SF:src/agents/controllers/agents.controller.ts
FN:11,(anonymous_4)
FN:14,(anonymous_5)
FN:29,(anonymous_6)
FN:41,(anonymous_7)
FN:49,(anonymous_8)
FN:58,(anonymous_9)
FN:66,(anonymous_10)
FN:74,(anonymous_11)
FNF:8
FNH:0
FNDA:0,(anonymous_4)
FNDA:0,(anonymous_5)
FNDA:0,(anonymous_6)
FNDA:0,(anonymous_7)
FNDA:0,(anonymous_8)
FNDA:0,(anonymous_9)
FNDA:0,(anonymous_10)
FNDA:0,(anonymous_11)
DA:1,0
DA:2,0
DA:3,0
DA:4,0
DA:5,0
DA:6,0
DA:10,0
DA:11,0
DA:14,0
DA:18,0
DA:19,0
DA:29,0
DA:34,0
DA:35,0
DA:37,0
DA:41,0
DA:45,0
DA:49,0
DA:54,0
DA:58,0
DA:62,0
DA:66,0
DA:70,0
DA:74,0
DA:78,0
LF:25
LH:0
BRDA:18,0,0,0
BRDA:18,1,0,0
BRDA:34,2,0,0
BRDA:34,2,1,0
BRDA:31,3,0,0
BRDA:31,3,1,0
BRDA:31,4,0,0
BRDA:31,4,1,0
BRDA:52,5,0,0
BRDA:52,5,1,0
BRDA:52,6,0,0
BRDA:52,6,1,0
BRDA:11,7,0,0
BRDA:11,7,1,0
BRDA:11,8,0,0
BRDA:11,8,1,0
BRF:16
BRH:0
end_of_record
TN:
SF:src/agents/dto/create-agent.dto.ts
FNF:0
FNH:0
DA:1,0
DA:3,0
DA:7,0
DA:11,0
DA:15,0
DA:19,0
DA:23,0
DA:27,0
LF:8
LH:0
BRF:0
BRH:0
end_of_record
TN:
SF:src/agents/dto/update-agent.dto.ts
FNF:0
FNH:0
DA:1,0
DA:3,0
DA:7,0
DA:11,0
LF:4
LH:0
BRF:0
BRH:0
end_of_record
TN:
SF:src/agents/services/agents.service.ts
FN:9,(anonymous_2)
FN:14,(anonymous_3)
FN:22,(anonymous_4)
FN:41,(anonymous_5)
FN:48,(anonymous_6)
FN:58,(anonymous_7)
FN:62,(anonymous_8)
FN:88,(anonymous_9)
FN:102,(anonymous_10)
FN:120,(anonymous_11)
FN:134,(anonymous_12)
FN:161,(anonymous_13)
FN:184,(anonymous_14)
FN:189,(anonymous_15)
FN:194,(anonymous_16)
FN:210,(anonymous_17)
FNF:16
FNH:0
FNDA:0,(anonymous_2)
FNDA:0,(anonymous_3)
FNDA:0,(anonymous_4)
FNDA:0,(anonymous_5)
FNDA:0,(anonymous_6)
FNDA:0,(anonymous_7)
FNDA:0,(anonymous_8)
FNDA:0,(anonymous_9)
FNDA:0,(anonymous_10)
FNDA:0,(anonymous_11)
FNDA:0,(anonymous_12)
FNDA:0,(anonymous_13)
FNDA:0,(anonymous_14)
FNDA:0,(anonymous_15)
FNDA:0,(anonymous_16)
FNDA:0,(anonymous_17)
DA:1,0
DA:2,0
DA:3,0
DA:8,0
DA:10,0
DA:11,0
DA:15,0
DA:22,0
DA:35,0
DA:41,0
DA:47,0
DA:48,0
DA:60,0
DA:61,0
DA:62,0
DA:63,0
DA:64,0
DA:66,0
DA:67,0
DA:68,0
DA:72,0
DA:85,0
DA:89,0
DA:90,0
DA:91,0
DA:95,0
DA:96,0
DA:99,0
DA:103,0
DA:104,0
DA:105,0
DA:108,0
DA:109,0
DA:112,0
DA:117,0
DA:121,0
DA:122,0
DA:123,0
DA:126,0
DA:127,0
DA:130,0
DA:131,0
DA:135,0
DA:136,0
DA:137,0
DA:140,0
DA:141,0
DA:146,0
DA:152,0
DA:162,0
DA:163,0
DA:164,0
DA:167,0
DA:168,0
DA:172,0
DA:177,0
DA:185,0
DA:186,0
DA:187,0
DA:189,0
DA:191,0
DA:195,0
DA:211,0
LF:63
LH:0
BRDA:14,0,0,0
BRDA:26,1,0,0
BRDA:26,1,1,0
BRDA:27,2,0,0
BRDA:27,2,1,0
BRDA:28,3,0,0
BRDA:28,3,1,0
BRDA:31,4,0,0
BRDA:31,4,1,0
BRDA:32,5,0,0
BRDA:32,5,1,0
BRDA:50,6,0,0
BRDA:50,6,1,0
BRDA:50,7,0,0
BRDA:50,7,1,0
BRDA:51,8,0,0
BRDA:51,8,1,0
BRDA:53,9,0,0
BRDA:53,9,1,0
BRDA:60,10,0,0
BRDA:60,10,1,0
BRDA:63,11,0,0
BRDA:63,11,1,0
BRDA:66,12,0,0
BRDA:66,12,1,0
BRDA:67,13,0,0
BRDA:67,13,1,0
BRDA:76,14,0,0
BRDA:76,14,1,0
BRDA:90,15,0,0
BRDA:90,15,1,0
BRDA:95,16,0,0
BRDA:95,16,1,0
BRDA:104,17,0,0
BRDA:104,17,1,0
BRDA:108,18,0,0
BRDA:108,18,1,0
BRDA:113,19,0,0
BRDA:113,19,1,0
BRDA:114,20,0,0
BRDA:114,20,1,0
BRDA:122,21,0,0
BRDA:122,21,1,0
BRDA:126,22,0,0
BRDA:126,22,1,0
BRDA:136,23,0,0
BRDA:136,23,1,0
BRDA:140,24,0,0
BRDA:140,24,1,0
BRDA:163,25,0,0
BRDA:163,25,1,0
BRDA:167,26,0,0
BRDA:167,26,1,0
BRDA:185,27,0,0
BRDA:185,27,1,0
BRDA:187,28,0,0
BRDA:187,28,1,0
BRDA:189,29,0,0
BRDA:189,29,1,0
BRDA:10,30,0,0
BRDA:10,30,1,0
BRDA:10,31,0,0
BRDA:10,31,1,0
BRDA:10,32,0,0
BRDA:10,32,1,0
BRDA:10,33,0,0
BRDA:10,33,1,0
BRF:67
BRH:0
end_of_record
TN:
SF:src/auth/auth.service.ts
FN:23,(anonymous_11)
FN:30,(anonymous_12)
FN:36,(anonymous_13)
FN:41,(anonymous_14)
FN:46,(anonymous_15)
FN:58,(anonymous_16)
FN:81,(anonymous_17)
FN:124,(anonymous_18)
FN:133,(anonymous_19)
FN:140,(anonymous_20)
FN:149,(anonymous_21)
FNF:11
FNH:0
FNDA:0,(anonymous_11)
FNDA:0,(anonymous_12)
FNDA:0,(anonymous_13)
FNDA:0,(anonymous_14)
FNDA:0,(anonymous_15)
FNDA:0,(anonymous_16)
FNDA:0,(anonymous_17)
FNDA:0,(anonymous_18)
FNDA:0,(anonymous_19)
FNDA:0,(anonymous_20)
FNDA:0,(anonymous_21)
DA:1,0
DA:2,0
DA:3,0
DA:4,0
DA:5,0
DA:22,0
DA:24,0
DA:25,0
DA:26,0
DA:31,0
DA:32,0
DA:37,0
DA:42,0
DA:47,0
DA:48,0
DA:52,0
DA:63,0
DA:68,0
DA:73,0
DA:85,0
DA:96,0
DA:97,0
DA:100,0
DA:104,0
DA:105,0
DA:108,0
DA:109,0
DA:113,0
DA:118,0
DA:124,0
DA:134,0
DA:140,0
DA:154,0
DA:155,0
DA:159,0
DA:170,0
DA:171,0
DA:174,0
DA:175,0
DA:177,0
LF:40
LH:0
BRDA:96,0,0,0
BRDA:96,0,1,0
BRDA:96,1,0,0
BRDA:96,1,1,0
BRDA:104,2,0,0
BRDA:104,2,1,0
BRDA:108,3,0,0
BRDA:108,3,1,0
BRDA:170,4,0,0
BRDA:170,4,1,0
BRDA:170,5,0,0
BRDA:170,5,1,0
BRDA:24,6,0,0
BRDA:24,6,1,0
BRDA:24,7,0,0
BRDA:24,7,1,0
BRDA:24,8,0,0
BRDA:24,8,1,0
BRDA:24,9,0,0
BRDA:24,9,1,0
BRDA:25,10,0,0
BRDA:25,10,1,0
BRDA:25,11,0,0
BRDA:25,11,1,0
BRF:24
BRH:0
end_of_record
TN:
SF:src/auth/controllers/auth.controller.ts
FN:8,(anonymous_4)
FN:12,(anonymous_5)
FN:37,(anonymous_6)
FN:58,(anonymous_7)
FNF:4
FNH:0
FNDA:0,(anonymous_4)
FNDA:0,(anonymous_5)
FNDA:0,(anonymous_6)
FNDA:0,(anonymous_7)
DA:1,0
DA:2,0
DA:3,0
DA:4,0
DA:7,0
DA:8,0
DA:12,0
DA:13,0
DA:14,0
DA:15,0
DA:18,0
DA:20,0
DA:37,0
DA:38,0
DA:39,0
DA:40,0
DA:48,0
DA:58,0
DA:61,0
LF:19
LH:0
BRDA:14,0,0,0
BRDA:14,0,1,0
BRDA:39,1,0,0
BRDA:39,1,1,0
BRDA:12,2,0,0
BRDA:12,2,1,0
BRDA:12,3,0,0
BRDA:12,3,1,0
BRDA:37,4,0,0
BRDA:37,4,1,0
BRDA:37,5,0,0
BRDA:37,5,1,0
BRDA:8,6,0,0
BRDA:8,6,1,0
BRDA:8,7,0,0
BRDA:8,7,1,0
BRF:16
BRH:0
end_of_record
TN:
SF:src/auth/decorators/user.decorator.ts
FN:19,(anonymous_0)
FNF:1
FNH:0
FNDA:0,(anonymous_0)
DA:1,0
DA:18,0
DA:20,0
DA:21,0
DA:23,0
LF:5
LH:0
BRDA:23,0,0,0
BRDA:23,0,1,0
BRF:2
BRH:0
end_of_record
TN:
SF:src/auth/dto/login.dto.ts
FNF:0
FNH:0
DA:1,0
DA:3,0
DA:6,0
DA:10,0
DA:13,0
DA:15,0
LF:6
LH:0
BRF:0
BRH:0
end_of_record
TN:
SF:src/auth/guards/jwt-auth.guard.ts
FNF:0
FNH:0
DA:1,0
DA:2,0
DA:5,0
LF:3
LH:0
BRF:0
BRH:0
end_of_record
TN:
SF:src/auth/guards/jwt-optional.guard.ts
FN:6,(anonymous_1)
FNF:1
FNH:0
FNDA:0,(anonymous_1)
DA:1,0
DA:2,0
DA:5,0
DA:14,0
LF:4
LH:0
BRF:0
BRH:0
end_of_record
TN:
SF:src/auth/strategies/auth0.strategy.ts
FN:9,(anonymous_2)
FN:28,(anonymous_3)
FN:87,(anonymous_4)
FNF:3
FNH:0
FNDA:0,(anonymous_2)
FNDA:0,(anonymous_3)
FNDA:0,(anonymous_4)
DA:1,0
DA:2,0
DA:3,0
DA:4,0
DA:5,0
DA:8,0
DA:10,0
DA:11,0
DA:13,0
DA:14,0
DA:15,0
DA:16,0
DA:18,0
DA:35,0
DA:36,0
DA:39,0
DA:43,0
DA:45,0
DA:49,0
DA:61,0
DA:66,0
DA:77,0
DA:78,0
DA:81,0
DA:87,0
DA:96,0
LF:26
LH:0
BRDA:13,0,0,0
BRDA:13,0,1,0
BRDA:14,1,0,0
BRDA:14,1,1,0
BRDA:15,2,0,0
BRDA:15,2,1,0
BRDA:16,3,0,0
BRDA:16,3,1,0
BRDA:43,4,0,0
BRDA:43,4,1,0
BRDA:45,5,0,0
BRDA:45,5,1,0
BRDA:47,6,0,0
BRDA:47,6,1,0
BRDA:53,7,0,0
BRDA:53,7,1,0
BRDA:55,8,0,0
BRDA:55,8,1,0
BRDA:77,9,0,0
BRDA:77,9,1,0
BRDA:10,10,0,0
BRDA:10,10,1,0
BRDA:10,11,0,0
BRDA:10,11,1,0
BRDA:10,12,0,0
BRDA:10,12,1,0
BRDA:10,13,0,0
BRDA:10,13,1,0
BRF:28
BRH:0
end_of_record
TN:
SF:src/auth/strategies/jwt.strategy.ts
FN:16,(anonymous_2)
FN:28,(anonymous_3)
FN:55,(anonymous_4)
FNF:3
FNH:0
FNDA:0,(anonymous_2)
FNDA:0,(anonymous_3)
FNDA:0,(anonymous_4)
DA:1,0
DA:2,0
DA:3,0
DA:4,0
DA:5,0
DA:15,0
DA:17,0
DA:18,0
DA:20,0
DA:21,0
DA:29,0
DA:40,0
DA:41,0
DA:44,0
DA:45,0
DA:49,0
DA:55,0
LF:17
LH:0
BRDA:20,0,0,0
BRDA:20,0,1,0
BRDA:40,1,0,0
BRDA:40,1,1,0
BRDA:44,2,0,0
BRDA:44,2,1,0
BRDA:17,3,0,0
BRDA:17,3,1,0
BRDA:17,4,0,0
BRDA:17,4,1,0
BRDA:17,5,0,0
BRDA:17,5,1,0
BRDA:17,6,0,0
BRDA:17,6,1,0
BRF:14
BRH:0
end_of_record
TN:
SF:src/database/prisma.service.ts
FN:9,(anonymous_1)
FN:13,(anonymous_2)
FN:18,(anonymous_3)
FN:29,(anonymous_4)
FNF:4
FNH:0
FNDA:0,(anonymous_1)
FNDA:0,(anonymous_2)
FNDA:0,(anonymous_3)
FNDA:0,(anonymous_4)
DA:1,1
DA:2,1
DA:5,1
DA:10,0
DA:14,0
DA:19,0
DA:20,0
DA:21,0
DA:23,0
DA:24,0
DA:30,0
LF:11
LH:3
BRF:0
BRH:0
end_of_record
TN:
SF:src/database/repositories/agent.repository.ts
FN:7,(anonymous_2)
FN:9,(anonymous_3)
FN:26,(anonymous_4)
FN:45,(anonymous_5)
FN:59,(anonymous_6)
FN:77,(anonymous_7)
FN:83,(anonymous_8)
FN:107,(anonymous_9)
FN:112,(anonymous_10)
FN:125,(anonymous_11)
FN:145,(anonymous_12)
FN:165,(anonymous_13)
FN:183,(anonymous_14)
FN:185,(anonymous_15)
FN:190,(anonymous_16)
FN:195,(anonymous_17)
FNF:16
FNH:0
FNDA:0,(anonymous_2)
FNDA:0,(anonymous_3)
FNDA:0,(anonymous_4)
FNDA:0,(anonymous_5)
FNDA:0,(anonymous_6)
FNDA:0,(anonymous_7)
FNDA:0,(anonymous_8)
FNDA:0,(anonymous_9)
FNDA:0,(anonymous_10)
FNDA:0,(anonymous_11)
FNDA:0,(anonymous_12)
FNDA:0,(anonymous_13)
FNDA:0,(anonymous_14)
FNDA:0,(anonymous_15)
FNDA:0,(anonymous_16)
FNDA:0,(anonymous_17)
DA:1,0
DA:2,0
DA:6,0
DA:7,0
DA:10,0
DA:27,0
DA:46,0
DA:60,0
DA:78,0
DA:89,0
DA:90,0
DA:108,0
DA:113,0
DA:130,0
DA:150,0
DA:171,0
DA:181,0
DA:182,0
DA:183,0
DA:185,0
DA:186,0
DA:189,0
DA:190,0
DA:193,0
DA:196,0
DA:203,0
LF:26
LH:0
BRDA:134,0,0,0
BRDA:134,0,1,0
BRDA:135,1,0,0
BRDA:135,1,1,0
BRDA:154,2,0,0
BRDA:154,2,1,0
BRDA:190,3,0,0
BRDA:190,3,1,0
BRDA:193,4,0,0
BRDA:193,4,1,0
BRDA:7,5,0,0
BRDA:7,5,1,0
BRDA:7,6,0,0
BRDA:7,6,1,0
BRF:14
BRH:0
end_of_record
TN:
SF:src/database/repositories/user.repository.ts
FN:24,(anonymous_2)
FN:26,(anonymous_3)
FN:39,(anonymous_4)
FN:52,(anonymous_5)
FN:65,(anonymous_6)
FN:79,(anonymous_7)
FN:85,(anonymous_8)
FN:107,(anonymous_9)
FN:112,(anonymous_10)
FN:126,(anonymous_11)
FN:135,(anonymous_12)
FNF:11
FNH:0
FNDA:0,(anonymous_2)
FNDA:0,(anonymous_3)
FNDA:0,(anonymous_4)
FNDA:0,(anonymous_5)
FNDA:0,(anonymous_6)
FNDA:0,(anonymous_7)
FNDA:0,(anonymous_8)
FNDA:0,(anonymous_9)
FNDA:0,(anonymous_10)
FNDA:0,(anonymous_11)
FNDA:0,(anonymous_12)
DA:1,0
DA:2,0
DA:23,0
DA:24,0
DA:27,0
DA:40,0
DA:53,0
DA:66,0
DA:80,0
DA:91,0
DA:92,0
DA:108,0
DA:121,0
DA:122,0
DA:123,0
DA:126,0
DA:136,0
LF:17
LH:0
BRDA:122,0,0,0
BRDA:122,0,1,0
BRDA:24,1,0,0
BRDA:24,1,1,0
BRDA:24,2,0,0
BRDA:24,2,1,0
BRF:6
BRH:0
end_of_record
TN:
SF:src/database/repositories/workflow-execution.repository.ts
FN:7,(anonymous_2)
FN:9,(anonymous_3)
FN:35,(anonymous_4)
FN:46,(anonymous_5)
FN:56,(anonymous_6)
FN:75,(anonymous_7)
FN:92,(anonymous_8)
FN:112,(anonymous_9)
FN:118,(anonymous_10)
FN:141,(anonymous_11)
FN:146,(anonymous_12)
FN:167,(anonymous_13)
FN:174,(anonymous_14)
FN:198,(anonymous_15)
FN:222,(anonymous_16)
FN:226,(anonymous_17)
FN:243,(anonymous_18)
FN:248,(anonymous_19)
FN:272,(anonymous_20)
FN:298,(anonymous_21)
FN:299,(anonymous_22)
FN:302,(anonymous_23)
FN:303,(anonymous_24)
FN:308,(anonymous_25)
FN:313,(anonymous_26)
FNF:25
FNH:0
FNDA:0,(anonymous_2)
FNDA:0,(anonymous_3)
FNDA:0,(anonymous_4)
FNDA:0,(anonymous_5)
FNDA:0,(anonymous_6)
FNDA:0,(anonymous_7)
FNDA:0,(anonymous_8)
FNDA:0,(anonymous_9)
FNDA:0,(anonymous_10)
FNDA:0,(anonymous_11)
FNDA:0,(anonymous_12)
FNDA:0,(anonymous_13)
FNDA:0,(anonymous_14)
FNDA:0,(anonymous_15)
FNDA:0,(anonymous_16)
FNDA:0,(anonymous_17)
FNDA:0,(anonymous_18)
FNDA:0,(anonymous_19)
FNDA:0,(anonymous_20)
FNDA:0,(anonymous_21)
FNDA:0,(anonymous_22)
FNDA:0,(anonymous_23)
FNDA:0,(anonymous_24)
FNDA:0,(anonymous_25)
FNDA:0,(anonymous_26)
DA:1,0
DA:2,0
DA:6,0
DA:7,0
DA:10,0
DA:36,0
DA:47,0
DA:59,0
DA:78,0
DA:96,0
DA:113,0
DA:124,0
DA:125,0
DA:142,0
DA:152,0
DA:163,0
DA:171,0
DA:180,0
DA:188,0
DA:204,0
DA:212,0
DA:223,0
DA:227,0
DA:233,0
DA:244,0
DA:249,0
DA:250,0
DA:252,0
DA:253,0
DA:257,0
DA:268,0
DA:284,0
DA:285,0
DA:286,0
DA:288,0
DA:297,0
DA:298,0
DA:299,0
DA:300,0
DA:302,0
DA:303,0
DA:304,0
DA:307,0
DA:308,0
DA:311,0
DA:314,0
DA:321,0
DA:323,0
LF:48
LH:0
BRDA:154,0,0,0
BRDA:154,0,1,0
BRDA:155,1,0,0
BRDA:155,1,1,0
BRDA:156,2,0,0
BRDA:156,2,1,0
BRDA:157,3,0,0
BRDA:157,3,1,0
BRDA:158,4,0,0
BRDA:158,4,1,0
BRDA:159,5,0,0
BRDA:159,5,1,0
BRDA:160,6,0,0
BRDA:160,6,1,0
BRDA:184,7,0,0
BRDA:184,7,1,0
BRDA:185,8,0,0
BRDA:185,8,1,0
BRDA:208,9,0,0
BRDA:208,9,1,0
BRDA:209,10,0,0
BRDA:209,10,1,0
BRDA:250,11,0,0
BRDA:250,11,1,0
BRDA:252,12,0,0
BRDA:252,12,1,0
BRDA:265,13,0,0
BRDA:265,13,1,0
BRDA:285,14,0,0
BRDA:285,14,1,0
BRDA:286,15,0,0
BRDA:286,15,1,0
BRDA:308,16,0,0
BRDA:308,16,1,0
BRDA:308,16,2,0
BRDA:311,17,0,0
BRDA:311,17,1,0
BRDA:321,18,0,0
BRDA:321,18,1,0
BRDA:7,19,0,0
BRDA:7,19,1,0
BRDA:7,20,0,0
BRDA:7,20,1,0
BRF:43
BRH:0
end_of_record
TN:
SF:src/database/repositories/workflow.repository.ts
FN:7,(anonymous_2)
FN:9,(anonymous_3)
FN:27,(anonymous_4)
FN:40,(anonymous_5)
FN:55,(anonymous_6)
FN:77,(anonymous_7)
FN:83,(anonymous_8)
FN:110,(anonymous_9)
FN:115,(anonymous_10)
FN:139,(anonymous_11)
FN:153,(anonymous_12)
FN:170,(anonymous_13)
FN:191,(anonymous_14)
FN:198,(anonymous_15)
FNF:14
FNH:0
FNDA:0,(anonymous_2)
FNDA:0,(anonymous_3)
FNDA:0,(anonymous_4)
FNDA:0,(anonymous_5)
FNDA:0,(anonymous_6)
FNDA:0,(anonymous_7)
FNDA:0,(anonymous_8)
FNDA:0,(anonymous_9)
FNDA:0,(anonymous_10)
FNDA:0,(anonymous_11)
FNDA:0,(anonymous_12)
FNDA:0,(anonymous_13)
FNDA:0,(anonymous_14)
FNDA:0,(anonymous_15)
DA:1,0
DA:2,0
DA:6,0
DA:7,0
DA:10,0
DA:28,0
DA:41,0
DA:59,0
DA:78,0
DA:89,0
DA:90,0
DA:111,0
DA:120,0
DA:122,0
DA:140,0
DA:154,0
DA:155,0
DA:158,0
DA:164,0
DA:171,0
DA:192,0
DA:199,0
DA:200,0
DA:201,0
DA:202,0
DA:203,0
DA:205,0
LF:27
LH:0
BRDA:120,0,0,0
BRDA:120,0,1,0
BRDA:155,1,0,0
BRDA:155,1,1,0
BRDA:7,2,0,0
BRDA:7,2,1,0
BRDA:7,3,0,0
BRDA:7,3,1,0
BRF:8
BRH:0
end_of_record
TN:
SF:src/executions/controllers/executions.controller.ts
FN:10,(anonymous_4)
FN:13,(anonymous_5)
FN:39,(anonymous_6)
FN:51,(anonymous_7)
FN:54,(anonymous_8)
FNF:5
FNH:0
FNDA:0,(anonymous_4)
FNDA:0,(anonymous_5)
FNDA:0,(anonymous_6)
FNDA:0,(anonymous_7)
FNDA:0,(anonymous_8)
DA:1,0
DA:2,0
DA:3,0
DA:4,0
DA:5,0
DA:9,0
DA:10,0
DA:13,0
DA:25,0
DA:27,0
DA:39,0
DA:43,0
DA:50,0
DA:51,0
DA:54,0
DA:59,0
LF:16
LH:0
BRDA:23,0,0,0
BRDA:24,1,0,0
BRDA:10,2,0,0
BRDA:10,2,1,0
BRDA:10,3,0,0
BRDA:10,3,1,0
BRDA:57,4,0,0
BRDA:57,4,1,0
BRDA:57,5,0,0
BRDA:57,5,1,0
BRDA:51,6,0,0
BRDA:51,6,1,0
BRDA:51,7,0,0
BRDA:51,7,1,0
BRF:14
BRH:0
end_of_record
TN:
SF:src/executions/dto/execute-workflow.dto.ts
FNF:0
FNH:0
DA:1,0
DA:3,0
DA:6,0
DA:10,0
LF:4
LH:0
BRF:0
BRH:0
end_of_record
TN:
SF:src/executions/services/executions.service.ts
FN:12,(anonymous_2)
FN:20,(anonymous_3)
FN:45,(anonymous_4)
FN:57,(anonymous_5)
FN:70,(anonymous_6)
FN:100,(anonymous_7)
FN:110,(anonymous_8)
FN:209,(anonymous_9)
FN:214,(anonymous_10)
FN:219,(anonymous_11)
FN:229,(anonymous_12)
FN:236,(anonymous_13)
FN:242,(anonymous_14)
FN:254,(anonymous_15)
FNF:14
FNH:0
FNDA:0,(anonymous_2)
FNDA:0,(anonymous_3)
FNDA:0,(anonymous_4)
FNDA:0,(anonymous_5)
FNDA:0,(anonymous_6)
FNDA:0,(anonymous_7)
FNDA:0,(anonymous_8)
FNDA:0,(anonymous_9)
FNDA:0,(anonymous_10)
FNDA:0,(anonymous_11)
FNDA:0,(anonymous_12)
FNDA:0,(anonymous_13)
FNDA:0,(anonymous_14)
FNDA:0,(anonymous_15)
DA:1,0
DA:2,0
DA:3,0
DA:4,0
DA:5,0
DA:6,0
DA:8,0
DA:11,0
DA:13,0
DA:14,0
DA:15,0
DA:16,0
DA:17,0
DA:22,0
DA:23,0
DA:24,0
DA:27,0
DA:28,0
DA:32,0
DA:33,0
DA:45,0
DA:46,0
DA:49,0
DA:58,0
DA:59,0
DA:60,0
DA:63,0
DA:64,0
DA:67,0
DA:71,0
DA:74,0
DA:76,0
DA:77,0
DA:78,0
DA:80,0
DA:81,0
DA:82,0
DA:83,0
DA:87,0
DA:88,0
DA:90,0
DA:97,0
DA:99,0
DA:100,0
DA:111,0
DA:113,0
DA:114,0
DA:115,0
DA:119,0
DA:120,0
DA:121,0
DA:124,0
DA:125,0
DA:126,0
DA:130,0
DA:135,0
DA:136,0
DA:158,0
DA:159,0
DA:160,0
DA:180,0
DA:197,0
DA:210,0
DA:211,0
DA:212,0
DA:214,0
DA:216,0
DA:220,0
DA:221,0
DA:223,0
DA:226,0
DA:229,0
DA:232,0
DA:233,0
DA:236,0
DA:239,0
DA:243,0
DA:255,0
LF:78
LH:0
BRDA:20,0,0,0
BRDA:23,1,0,0
BRDA:23,1,1,0
BRDA:27,2,0,0
BRDA:27,2,1,0
BRDA:38,3,0,0
BRDA:38,3,1,0
BRDA:39,4,0,0
BRDA:39,4,1,0
BRDA:59,5,0,0
BRDA:59,5,1,0
BRDA:63,6,0,0
BRDA:63,6,1,0
BRDA:70,7,0,0
BRDA:71,8,0,0
BRDA:71,9,0,0
BRDA:76,10,0,0
BRDA:76,10,1,0
BRDA:77,11,0,0
BRDA:77,11,1,0
BRDA:78,12,0,0
BRDA:78,12,1,0
BRDA:80,13,0,0
BRDA:80,13,1,0
BRDA:80,14,0,0
BRDA:80,14,1,0
BRDA:82,15,0,0
BRDA:82,15,1,0
BRDA:83,16,0,0
BRDA:83,16,1,0
BRDA:114,17,0,0
BRDA:114,17,1,0
BRDA:120,18,0,0
BRDA:120,18,1,0
BRDA:125,19,0,0
BRDA:125,19,1,0
BRDA:140,20,0,0
BRDA:140,20,1,0
BRDA:152,21,0,0
BRDA:152,21,1,0
BRDA:153,22,0,0
BRDA:153,22,1,0
BRDA:158,23,0,0
BRDA:158,23,1,0
BRDA:159,24,0,0
BRDA:159,24,1,0
BRDA:183,25,0,0
BRDA:183,25,1,0
BRDA:184,26,0,0
BRDA:184,26,1,0
BRDA:210,27,0,0
BRDA:210,27,1,0
BRDA:212,28,0,0
BRDA:212,28,1,0
BRDA:214,29,0,0
BRDA:214,29,1,0
BRDA:221,30,0,0
BRDA:221,30,1,0
BRDA:232,31,0,0
BRDA:232,31,1,0
BRDA:13,32,0,0
BRDA:13,32,1,0
BRDA:13,33,0,0
BRDA:13,33,1,0
BRDA:13,34,0,0
BRDA:13,34,1,0
BRDA:13,35,0,0
BRDA:13,35,1,0
BRDA:14,36,0,0
BRDA:14,36,1,0
BRDA:14,37,0,0
BRDA:14,37,1,0
BRDA:15,38,0,0
BRDA:15,38,1,0
BRDA:15,39,0,0
BRDA:15,39,1,0
BRDA:16,40,0,0
BRDA:16,40,1,0
BRDA:16,41,0,0
BRDA:16,41,1,0
BRF:80
BRH:0
end_of_record
TN:
SF:src/frameworks/abstraction/base-framework.adapter.ts
FN:14,(anonymous_0)
FN:38,(anonymous_1)
FN:59,(anonymous_2)
FN:75,(anonymous_3)
FN:87,(anonymous_4)
FN:104,(anonymous_5)
FN:109,(anonymous_6)
FN:110,(anonymous_7)
FN:115,(anonymous_8)
FN:119,(anonymous_9)
FN:126,(anonymous_10)
FN:134,(anonymous_11)
FN:146,(anonymous_12)
FNF:13
FNH:0
FNDA:0,(anonymous_0)
FNDA:0,(anonymous_1)
FNDA:0,(anonymous_2)
FNDA:0,(anonymous_3)
FNDA:0,(anonymous_4)
FNDA:0,(anonymous_5)
FNDA:0,(anonymous_6)
FNDA:0,(anonymous_7)
FNDA:0,(anonymous_8)
FNDA:0,(anonymous_9)
FNDA:0,(anonymous_10)
FNDA:0,(anonymous_11)
FNDA:0,(anonymous_12)
DA:1,0
DA:11,0
DA:15,0
DA:16,0
DA:18,0
DA:43,0
DA:65,0
DA:76,0
DA:78,0
DA:79,0
DA:80,0
DA:84,0
DA:88,0
DA:90,0
DA:91,0
DA:92,0
DA:95,0
DA:96,0
DA:97,0
DA:100,0
DA:109,0
DA:110,0
DA:111,0
DA:114,0
DA:116,0
DA:117,0
DA:120,0
DA:121,0
DA:127,0
DA:139,0
DA:150,0
LF:31
LH:0
BRDA:41,0,0,0
BRDA:79,1,0,0
BRDA:79,1,1,0
BRDA:79,2,0,0
BRDA:79,2,1,0
BRDA:90,3,0,0
BRDA:90,3,1,0
BRDA:95,4,0,0
BRDA:95,4,1,0
BRF:9
BRH:0
end_of_record
TN:
SF:src/frameworks/abstraction/framework-abstraction.service.ts
FN:16,(anonymous_2)
FN:18,(anonymous_3)
FN:37,(anonymous_4)
FN:98,(anonymous_5)
FN:114,(anonymous_6)
FN:131,(anonymous_7)
FN:155,(anonymous_8)
FN:159,(anonymous_9)
FN:168,(anonymous_10)
FN:185,(anonymous_11)
FN:193,(anonymous_12)
FN:205,(anonymous_13)
FN:217,(anonymous_14)
FN:229,(anonymous_15)
FNF:14
FNH:0
FNDA:0,(anonymous_2)
FNDA:0,(anonymous_3)
FNDA:0,(anonymous_4)
FNDA:0,(anonymous_5)
FNDA:0,(anonymous_6)
FNDA:0,(anonymous_7)
FNDA:0,(anonymous_8)
FNDA:0,(anonymous_9)
FNDA:0,(anonymous_10)
FNDA:0,(anonymous_11)
FNDA:0,(anonymous_12)
FNDA:0,(anonymous_13)
FNDA:0,(anonymous_14)
FNDA:0,(anonymous_15)
DA:1,0
DA:10,0
DA:13,0
DA:14,0
DA:16,0
DA:19,0
DA:21,0
DA:22,0
DA:23,0
DA:26,0
DA:27,0
DA:29,0
DA:30,0
DA:42,0
DA:44,0
DA:45,0
DA:46,0
DA:49,0
DA:55,0
DA:56,0
DA:57,0
DA:63,0
DA:64,0
DA:70,0
DA:75,0
DA:80,0
DA:99,0
DA:101,0
DA:102,0
DA:103,0
DA:106,0
DA:107,0
DA:109,0
DA:110,0
DA:115,0
DA:117,0
DA:118,0
DA:119,0
DA:122,0
DA:123,0
DA:124,0
DA:126,0
DA:127,0
DA:136,0
DA:138,0
DA:139,0
DA:140,0
DA:143,0
DA:144,0
DA:146,0
DA:148,0
DA:156,0
DA:160,0
DA:161,0
DA:162,0
DA:165,0
DA:174,0
DA:181,0
DA:182,0
DA:186,0
DA:195,0
DA:196,0
DA:202,0
DA:207,0
DA:208,0
DA:214,0
DA:219,0
DA:220,0
DA:226,0
DA:231,0
DA:232,0
DA:238,0
LF:72
LH:0
BRDA:22,0,0,0
BRDA:22,0,1,0
BRDA:32,1,0,0
BRDA:32,1,1,0
BRDA:45,2,0,0
BRDA:45,2,1,0
BRDA:90,3,0,0
BRDA:90,3,1,0
BRDA:102,4,0,0
BRDA:102,4,1,0
BRDA:118,5,0,0
BRDA:118,5,1,0
BRDA:139,6,0,0
BRDA:139,6,1,0
BRDA:161,7,0,0
BRDA:161,7,1,0
BRDA:181,8,0,0
BRDA:181,8,1,0
BRDA:187,9,0,0
BRDA:187,9,1,0
BRDA:195,10,0,0
BRDA:195,10,1,0
BRDA:207,11,0,0
BRDA:207,11,1,0
BRDA:219,12,0,0
BRDA:219,12,1,0
BRDA:231,13,0,0
BRDA:231,13,1,0
BRDA:16,14,0,0
BRDA:16,14,1,0
BRDA:16,15,0,0
BRDA:16,15,1,0
BRF:32
BRH:0
end_of_record
TN:
SF:src/frameworks/agno/agno.adapter.ts
FN:15,(anonymous_2)
FN:42,(anonymous_3)
FN:49,(anonymous_4)
FN:56,(anonymous_5)
FN:86,(anonymous_6)
FN:143,(anonymous_7)
FN:145,(anonymous_8)
FN:153,(anonymous_9)
FN:161,(anonymous_10)
FN:210,(anonymous_11)
FN:219,(anonymous_12)
FN:228,(anonymous_13)
FN:239,(anonymous_14)
FNF:13
FNH:0
FNDA:0,(anonymous_2)
FNDA:0,(anonymous_3)
FNDA:0,(anonymous_4)
FNDA:0,(anonymous_5)
FNDA:0,(anonymous_6)
FNDA:0,(anonymous_7)
FNDA:0,(anonymous_8)
FNDA:0,(anonymous_9)
FNDA:0,(anonymous_10)
FNDA:0,(anonymous_11)
FNDA:0,(anonymous_12)
FNDA:0,(anonymous_13)
FNDA:0,(anonymous_14)
DA:1,0
DA:2,0
DA:12,0
DA:13,0
DA:16,0
DA:43,0
DA:46,0
DA:50,0
DA:52,0
DA:53,0
DA:57,0
DA:60,0
DA:61,0
DA:64,0
DA:65,0
DA:69,0
DA:70,0
DA:74,0
DA:75,0
DA:79,0
DA:80,0
DA:83,0
DA:91,0
DA:93,0
DA:94,0
DA:97,0
DA:133,0
DA:142,0
DA:145,0
DA:146,0
DA:147,0
DA:148,0
DA:149,0
DA:152,0
DA:153,0
DA:154,0
DA:155,0
DA:156,0
DA:157,0
DA:160,0
DA:161,0
DA:162,0
DA:163,0
DA:164,0
DA:165,0
DA:175,0
DA:177,0
DA:179,0
DA:201,0
DA:202,0
DA:211,0
DA:212,0
DA:213,0
DA:216,0
DA:220,0
DA:221,0
DA:222,0
DA:225,0
DA:227,0
DA:228,0
DA:229,0
DA:230,0
DA:231,0
DA:232,0
DA:236,0
DA:245,0
DA:246,0
DA:247,0
DA:250,0
DA:251,0
DA:252,0
DA:253,0
DA:257,0
DA:258,0
DA:259,0
DA:263,0
DA:264,0
DA:267,0
LF:78
LH:0
BRDA:60,0,0,0
BRDA:60,0,1,0
BRDA:60,1,0,0
BRDA:60,1,1,0
BRDA:64,2,0,0
BRDA:64,2,1,0
BRDA:69,3,0,0
BRDA:69,3,1,0
BRDA:69,4,0,0
BRDA:69,4,1,0
BRDA:74,5,0,0
BRDA:74,5,1,0
BRDA:74,6,0,0
BRDA:74,6,1,0
BRDA:79,7,0,0
BRDA:79,7,1,0
BRDA:79,8,0,0
BRDA:79,8,1,0
BRDA:83,9,0,0
BRDA:83,9,1,0
BRDA:171,10,0,0
BRDA:171,10,1,0
BRDA:189,11,0,0
BRDA:189,11,1,0
BRDA:203,12,0,0
BRDA:203,12,1,0
BRDA:212,13,0,0
BRDA:212,13,1,0
BRDA:216,14,0,0
BRDA:216,14,1,0
BRDA:221,15,0,0
BRDA:221,15,1,0
BRDA:227,16,0,0
BRDA:227,16,1,0
BRDA:229,17,0,0
BRDA:229,17,1,0
BRDA:250,18,0,0
BRDA:250,18,1,0
BRDA:257,19,0,0
BRDA:257,19,1,0
BRDA:257,20,0,0
BRDA:257,20,1,0
BRDA:263,21,0,0
BRDA:263,21,1,0
BRF:44
BRH:0
end_of_record
TN:
SF:src/frameworks/crewai/crewai.adapter.ts
FN:15,(anonymous_2)
FN:42,(anonymous_3)
FN:49,(anonymous_4)
FN:56,(anonymous_5)
FN:102,(anonymous_6)
FN:129,(anonymous_7)
FN:142,(anonymous_8)
FN:163,(anonymous_9)
FN:165,(anonymous_10)
FN:173,(anonymous_11)
FN:202,(anonymous_12)
FN:202,(anonymous_13)
FN:228,(anonymous_14)
FN:237,(anonymous_15)
FN:246,(anonymous_16)
FN:257,(anonymous_17)
FN:282,(anonymous_18)
FN:283,(anonymous_19)
FNF:18
FNH:0
FNDA:0,(anonymous_2)
FNDA:0,(anonymous_3)
FNDA:0,(anonymous_4)
FNDA:0,(anonymous_5)
FNDA:0,(anonymous_6)
FNDA:0,(anonymous_7)
FNDA:0,(anonymous_8)
FNDA:0,(anonymous_9)
FNDA:0,(anonymous_10)
FNDA:0,(anonymous_11)
FNDA:0,(anonymous_12)
FNDA:0,(anonymous_13)
FNDA:0,(anonymous_14)
FNDA:0,(anonymous_15)
FNDA:0,(anonymous_16)
FNDA:0,(anonymous_17)
FNDA:0,(anonymous_18)
FNDA:0,(anonymous_19)
DA:1,0
DA:2,0
DA:12,0
DA:13,0
DA:16,0
DA:43,0
DA:46,0
DA:50,0
DA:52,0
DA:53,0
DA:57,0
DA:60,0
DA:61,0
DA:64,0
DA:65,0
DA:68,0
DA:69,0
DA:72,0
DA:73,0
DA:77,0
DA:78,0
DA:79,0
DA:84,0
DA:85,0
DA:86,0
DA:91,0
DA:92,0
DA:93,0
DA:94,0
DA:99,0
DA:107,0
DA:109,0
DA:110,0
DA:111,0
DA:112,0
DA:113,0
DA:116,0
DA:129,0
DA:130,0
DA:142,0
DA:143,0
DA:152,0
DA:162,0
DA:164,0
DA:165,0
DA:166,0
DA:168,0
DA:169,0
DA:172,0
DA:173,0
DA:175,0
DA:176,0
DA:177,0
DA:178,0
DA:189,0
DA:191,0
DA:193,0
DA:202,0
DA:219,0
DA:220,0
DA:229,0
DA:230,0
DA:231,0
DA:234,0
DA:238,0
DA:239,0
DA:240,0
DA:243,0
DA:245,0
DA:246,0
DA:247,0
DA:248,0
DA:249,0
DA:250,0
DA:254,0
DA:262,0
DA:263,0
DA:264,0
DA:267,0
DA:268,0
DA:271,0
DA:272,0
DA:275,0
DA:276,0
DA:277,0
DA:278,0
DA:282,0
DA:283,0
DA:286,0
DA:288,0
LF:90
LH:0
BRDA:60,0,0,0
BRDA:60,0,1,0
BRDA:60,1,0,0
BRDA:60,1,1,0
BRDA:64,2,0,0
BRDA:64,2,1,0
BRDA:64,3,0,0
BRDA:64,3,1,0
BRDA:68,4,0,0
BRDA:68,4,1,0
BRDA:72,5,0,0
BRDA:72,5,1,0
BRDA:72,6,0,0
BRDA:72,6,1,0
BRDA:78,7,0,0
BRDA:78,7,1,0
BRDA:78,8,0,0
BRDA:78,8,1,0
BRDA:78,8,2,0
BRDA:79,9,0,0
BRDA:79,9,1,0
BRDA:85,10,0,0
BRDA:85,10,1,0
BRDA:86,11,0,0
BRDA:86,11,1,0
BRDA:91,12,0,0
BRDA:91,12,1,0
BRDA:93,13,0,0
BRDA:93,13,1,0
BRDA:93,14,0,0
BRDA:93,14,1,0
BRDA:99,15,0,0
BRDA:99,15,1,0
BRDA:146,16,0,0
BRDA:146,16,1,0
BRDA:147,17,0,0
BRDA:147,17,1,0
BRDA:166,18,0,0
BRDA:166,18,1,0
BRDA:169,19,0,0
BRDA:169,19,1,0
BRDA:185,20,0,0
BRDA:185,20,1,0
BRDA:197,21,0,0
BRDA:197,21,1,0
BRDA:206,22,0,0
BRDA:206,22,1,0
BRDA:221,23,0,0
BRDA:221,23,1,0
BRDA:230,24,0,0
BRDA:230,24,1,0
BRDA:234,25,0,0
BRDA:234,25,1,0
BRDA:239,26,0,0
BRDA:239,26,1,0
BRDA:245,27,0,0
BRDA:245,27,1,0
BRDA:247,28,0,0
BRDA:247,28,1,0
BRDA:263,29,0,0
BRDA:263,29,1,0
BRDA:264,30,0,0
BRDA:264,30,1,0
BRDA:275,31,0,0
BRDA:275,31,1,0
BRDA:276,32,0,0
BRDA:276,32,1,0
BRDA:283,33,0,0
BRDA:283,33,1,0
BRDA:286,34,0,0
BRDA:286,34,1,0
BRF:71
BRH:0
end_of_record
TN:
SF:src/frameworks/langgraph/langgraph.adapter.ts
FN:15,(anonymous_2)
FN:42,(anonymous_3)
FN:49,(anonymous_4)
FN:56,(anonymous_5)
FN:93,(anonymous_6)
FN:139,(anonymous_7)
FN:141,(anonymous_8)
FN:182,(anonymous_9)
FN:191,(anonymous_10)
FN:202,(anonymous_11)
FN:213,(anonymous_12)
FN:235,(anonymous_13)
FNF:12
FNH:0
FNDA:0,(anonymous_2)
FNDA:0,(anonymous_3)
FNDA:0,(anonymous_4)
FNDA:0,(anonymous_5)
FNDA:0,(anonymous_6)
FNDA:0,(anonymous_7)
FNDA:0,(anonymous_8)
FNDA:0,(anonymous_9)
FNDA:0,(anonymous_10)
FNDA:0,(anonymous_11)
FNDA:0,(anonymous_12)
FNDA:0,(anonymous_13)
DA:1,0
DA:2,0
DA:12,0
DA:13,0
DA:16,0
DA:43,0
DA:46,0
DA:50,0
DA:52,0
DA:53,0
DA:57,0
DA:60,0
DA:61,0
DA:64,0
DA:65,0
DA:68,0
DA:69,0
DA:73,0
DA:74,0
DA:75,0
DA:76,0
DA:82,0
DA:83,0
DA:84,0
DA:85,0
DA:90,0
DA:98,0
DA:100,0
DA:108,0
DA:111,0
DA:129,0
DA:138,0
DA:141,0
DA:144,0
DA:145,0
DA:146,0
DA:147,0
DA:153,0
DA:155,0
DA:157,0
DA:173,0
DA:174,0
DA:183,0
DA:184,0
DA:185,0
DA:188,0
DA:192,0
DA:193,0
DA:194,0
DA:198,0
DA:201,0
DA:202,0
DA:203,0
DA:204,0
DA:205,0
DA:206,0
DA:210,0
DA:219,0
DA:220,0
DA:223,0
DA:224,0
DA:225,0
DA:228,0
DA:229,0
DA:231,0
DA:232,0
DA:235,0
DA:236,0
DA:239,0
DA:240,0
DA:243,0
LF:71
LH:0
BRDA:60,0,0,0
BRDA:60,0,1,0
BRDA:60,1,0,0
BRDA:60,1,1,0
BRDA:64,2,0,0
BRDA:64,2,1,0
BRDA:64,3,0,0
BRDA:64,3,1,0
BRDA:68,4,0,0
BRDA:68,4,1,0
BRDA:73,5,0,0
BRDA:73,5,1,0
BRDA:75,6,0,0
BRDA:75,6,1,0
BRDA:75,7,0,0
BRDA:75,7,1,0
BRDA:75,7,2,0
BRDA:76,8,0,0
BRDA:76,8,1,0
BRDA:82,9,0,0
BRDA:82,9,1,0
BRDA:84,10,0,0
BRDA:84,10,1,0
BRDA:84,11,0,0
BRDA:84,11,1,0
BRDA:90,12,0,0
BRDA:90,12,1,0
BRDA:149,13,0,0
BRDA:149,13,1,0
BRDA:175,14,0,0
BRDA:175,14,1,0
BRDA:184,15,0,0
BRDA:184,15,1,0
BRDA:188,16,0,0
BRDA:188,16,1,0
BRDA:193,17,0,0
BRDA:193,17,1,0
BRDA:201,18,0,0
BRDA:201,18,1,0
BRDA:203,19,0,0
BRDA:203,19,1,0
BRDA:219,20,0,0
BRDA:219,20,1,0
BRDA:220,21,0,0
BRDA:220,21,1,0
BRDA:228,22,0,0
BRDA:228,22,1,0
BRDA:229,23,0,0
BRDA:229,23,1,0
BRDA:231,24,0,0
BRDA:231,24,1,0
BRDA:232,25,0,0
BRDA:232,25,1,0
BRDA:236,26,0,0
BRDA:236,26,1,0
BRDA:239,27,0,0
BRDA:239,27,1,0
BRF:57
BRH:0
end_of_record
TN:
SF:src/frameworks/n8n/n8n.adapter.ts
FN:15,(anonymous_2)
FN:42,(anonymous_3)
FN:49,(anonymous_4)
FN:56,(anonymous_5)
FN:69,(anonymous_6)
FN:109,(anonymous_7)
FN:136,(anonymous_8)
FN:157,(anonymous_9)
FN:161,(anonymous_10)
FN:175,(anonymous_11)
FN:205,(anonymous_12)
FN:205,(anonymous_13)
FN:208,(anonymous_14)
FN:231,(anonymous_15)
FN:240,(anonymous_16)
FN:249,(anonymous_17)
FN:260,(anonymous_18)
FN:280,(anonymous_19)
FN:290,(anonymous_20)
FNF:19
FNH:0
FNDA:0,(anonymous_2)
FNDA:0,(anonymous_3)
FNDA:0,(anonymous_4)
FNDA:0,(anonymous_5)
FNDA:0,(anonymous_6)
FNDA:0,(anonymous_7)
FNDA:0,(anonymous_8)
FNDA:0,(anonymous_9)
FNDA:0,(anonymous_10)
FNDA:0,(anonymous_11)
FNDA:0,(anonymous_12)
FNDA:0,(anonymous_13)
FNDA:0,(anonymous_14)
FNDA:0,(anonymous_15)
FNDA:0,(anonymous_16)
FNDA:0,(anonymous_17)
FNDA:0,(anonymous_18)
FNDA:0,(anonymous_19)
FNDA:0,(anonymous_20)
DA:1,0
DA:2,0
DA:12,0
DA:13,0
DA:16,0
DA:43,0
DA:46,0
DA:50,0
DA:52,0
DA:53,0
DA:57,0
DA:60,0
DA:61,0
DA:64,0
DA:65,0
DA:69,0
DA:70,0
DA:73,0
DA:74,0
DA:78,0
DA:79,0
DA:80,0
DA:81,0
DA:85,0
DA:86,0
DA:87,0
DA:94,0
DA:95,0
DA:96,0
DA:98,0
DA:99,0
DA:100,0
DA:106,0
DA:114,0
DA:116,0
DA:117,0
DA:118,0
DA:119,0
DA:122,0
DA:125,0
DA:136,0
DA:137,0
DA:146,0
DA:156,0
DA:159,0
DA:160,0
DA:161,0
DA:162,0
DA:164,0
DA:165,0
DA:168,0
DA:169,0
DA:170,0
DA:171,0
DA:172,0
DA:175,0
DA:177,0
DA:178,0
DA:179,0
DA:180,0
DA:191,0
DA:193,0
DA:195,0
DA:205,0
DA:208,0
DA:222,0
DA:223,0
DA:232,0
DA:233,0
DA:234,0
DA:237,0
DA:241,0
DA:242,0
DA:243,0
DA:246,0
DA:248,0
DA:249,0
DA:250,0
DA:251,0
DA:252,0
DA:253,0
DA:257,0
DA:265,0
DA:266,0
DA:269,0
DA:270,0
DA:273,0
DA:274,0
DA:276,0
DA:277,0
DA:280,0
DA:281,0
DA:284,0
DA:285,0
DA:286,0
DA:290,0
DA:291,0
DA:294,0
DA:295,0
DA:296,0
DA:299,0
LF:101
LH:0
BRDA:60,0,0,0
BRDA:60,0,1,0
BRDA:60,1,0,0
BRDA:60,1,1,0
BRDA:64,2,0,0
BRDA:64,2,1,0
BRDA:64,3,0,0
BRDA:64,3,1,0
BRDA:73,4,0,0
BRDA:73,4,1,0
BRDA:78,5,0,0
BRDA:78,5,1,0
BRDA:80,6,0,0
BRDA:80,6,1,0
BRDA:80,7,0,0
BRDA:80,7,1,0
BRDA:80,7,2,0
BRDA:81,8,0,0
BRDA:81,8,1,0
BRDA:85,9,0,0
BRDA:85,9,1,0
BRDA:85,10,0,0
BRDA:85,10,1,0
BRDA:86,11,0,0
BRDA:86,11,1,0
BRDA:94,12,0,0
BRDA:94,12,1,0
BRDA:96,13,0,0
BRDA:96,13,1,0
BRDA:99,14,0,0
BRDA:99,14,1,0
BRDA:99,15,0,0
BRDA:99,15,1,0
BRDA:99,15,2,0
BRDA:106,16,0,0
BRDA:106,16,1,0
BRDA:118,17,0,0
BRDA:118,17,1,0
BRDA:119,18,0,0
BRDA:119,18,1,0
BRDA:139,19,0,0
BRDA:139,19,1,0
BRDA:140,20,0,0
BRDA:140,20,1,0
BRDA:141,21,0,0
BRDA:141,21,1,0
BRDA:159,22,0,0
BRDA:159,22,1,0
BRDA:162,23,0,0
BRDA:162,23,1,0
BRDA:165,24,0,0
BRDA:165,24,1,0
BRDA:169,25,0,0
BRDA:169,25,1,0
BRDA:169,26,0,0
BRDA:169,26,1,0
BRDA:171,27,0,0
BRDA:171,27,1,0
BRDA:182,28,0,0
BRDA:182,28,1,0
BRDA:187,29,0,0
BRDA:187,29,1,0
BRDA:199,30,0,0
BRDA:199,30,1,0
BRDA:200,31,0,0
BRDA:200,31,1,0
BRDA:208,32,0,0
BRDA:208,32,1,0
BRDA:224,33,0,0
BRDA:224,33,1,0
BRDA:233,34,0,0
BRDA:233,34,1,0
BRDA:237,35,0,0
BRDA:237,35,1,0
BRDA:242,36,0,0
BRDA:242,36,1,0
BRDA:248,37,0,0
BRDA:248,37,1,0
BRDA:250,38,0,0
BRDA:250,38,1,0
BRDA:265,39,0,0
BRDA:265,39,1,0
BRDA:266,40,0,0
BRDA:266,40,1,0
BRDA:273,41,0,0
BRDA:273,41,1,0
BRDA:274,42,0,0
BRDA:274,42,1,0
BRDA:276,43,0,0
BRDA:276,43,1,0
BRDA:277,44,0,0
BRDA:277,44,1,0
BRDA:281,45,0,0
BRDA:281,45,1,0
BRDA:281,45,2,0
BRDA:284,46,0,0
BRDA:284,46,1,0
BRDA:291,47,0,0
BRDA:291,47,1,0
BRDA:294,48,0,0
BRDA:294,48,1,0
BRDA:299,49,0,0
BRDA:299,49,1,0
BRF:103
BRH:0
end_of_record
TN:
SF:src/frameworks/registry/framework-registry.ts
FN:10,(anonymous_1)
FN:20,(anonymous_2)
FN:31,(anonymous_3)
FN:35,(anonymous_4)
FN:39,(anonymous_5)
FN:43,(anonymous_6)
FN:47,(anonymous_7)
FN:51,(anonymous_8)
FN:55,(anonymous_9)
FN:56,(anonymous_10)
FN:69,(anonymous_11)
FN:70,(anonymous_12)
FN:82,(anonymous_13)
FNF:13
FNH:0
FNDA:0,(anonymous_1)
FNDA:0,(anonymous_2)
FNDA:0,(anonymous_3)
FNDA:0,(anonymous_4)
FNDA:0,(anonymous_5)
FNDA:0,(anonymous_6)
FNDA:0,(anonymous_7)
FNDA:0,(anonymous_8)
FNDA:0,(anonymous_9)
FNDA:0,(anonymous_10)
FNDA:0,(anonymous_11)
FNDA:0,(anonymous_12)
FNDA:0,(anonymous_13)
DA:1,0
DA:5,0
DA:6,0
DA:7,0
DA:8,0
DA:11,0
DA:12,0
DA:15,0
DA:16,0
DA:17,0
DA:21,0
DA:22,0
DA:23,0
DA:26,0
DA:27,0
DA:28,0
DA:32,0
DA:36,0
DA:40,0
DA:44,0
DA:48,0
DA:52,0
DA:56,0
DA:57,0
DA:58,0
DA:59,0
DA:61,0
DA:62,0
DA:66,0
DA:70,0
DA:71,0
DA:72,0
DA:73,0
DA:75,0
DA:79,0
DA:83,0
DA:84,0
LF:37
LH:0
BRDA:11,0,0,0
BRDA:11,0,1,0
BRDA:21,1,0,0
BRDA:21,1,1,0
BRDA:83,2,0,0
BRDA:83,2,1,0
BRF:6
BRH:0
end_of_record
TN:
SF:src/health/health.controller.ts
FN:6,(anonymous_2)
FN:9,(anonymous_3)
FN:23,(anonymous_4)
FNF:3
FNH:0
FNDA:0,(anonymous_2)
FNDA:0,(anonymous_3)
FNDA:0,(anonymous_4)
DA:1,0
DA:2,0
DA:5,0
DA:6,0
DA:9,0
DA:10,0
DA:12,0
DA:23,0
DA:24,0
DA:25,0
DA:27,0
LF:11
LH:0
BRDA:16,0,0,0
BRDA:16,0,1,0
BRDA:6,1,0,0
BRDA:6,1,1,0
BRDA:6,2,0,0
BRDA:6,2,1,0
BRF:6
BRH:0
end_of_record
TN:
SF:src/organizations/controllers/organizations.controller.ts
FN:10,(anonymous_4)
FN:13,(anonymous_5)
FN:18,(anonymous_6)
FN:26,(anonymous_7)
FNF:4
FNH:0
FNDA:0,(anonymous_4)
FNDA:0,(anonymous_5)
FNDA:0,(anonymous_6)
FNDA:0,(anonymous_7)
DA:1,0
DA:2,0
DA:3,0
DA:4,0
DA:5,0
DA:9,0
DA:10,0
DA:13,0
DA:14,0
DA:18,0
DA:22,0
DA:26,0
DA:30,0
LF:13
LH:0
BRDA:20,0,0,0
BRDA:20,0,1,0
BRDA:20,1,0,0
BRDA:20,1,1,0
BRDA:10,2,0,0
BRDA:10,2,1,0
BRDA:10,3,0,0
BRDA:10,3,1,0
BRF:8
BRH:0
end_of_record
TN:
SF:src/organizations/dto/create-organization.dto.ts
FNF:0
FNH:0
DA:1,0
DA:3,0
DA:7,0
DA:12,0
DA:16,0
LF:5
LH:0
BRF:0
BRH:0
end_of_record
TN:
SF:src/organizations/services/organizations.service.ts
FN:8,(anonymous_2)
FN:13,(anonymous_3)
FN:17,(anonymous_4)
FN:28,(anonymous_5)
FN:64,(anonymous_6)
FN:101,(anonymous_7)
FNF:6
FNH:0
FNDA:0,(anonymous_2)
FNDA:0,(anonymous_3)
FNDA:0,(anonymous_4)
FNDA:0,(anonymous_5)
FNDA:0,(anonymous_6)
FNDA:0,(anonymous_7)
DA:1,0
DA:2,0
DA:3,0
DA:7,0
DA:9,0
DA:10,0
DA:14,0
DA:16,0
DA:17,0
DA:30,0
DA:34,0
DA:35,0
DA:39,0
DA:47,0
DA:55,0
DA:66,0
DA:91,0
DA:92,0
DA:95,0
DA:96,0
DA:101,0
LF:21
LH:0
BRDA:34,0,0,0
BRDA:34,0,1,0
BRDA:43,1,0,0
BRDA:43,1,1,0
BRDA:91,2,0,0
BRDA:91,2,1,0
BRDA:9,3,0,0
BRDA:9,3,1,0
BRDA:9,4,0,0
BRDA:9,4,1,0
BRDA:9,5,0,0
BRDA:9,5,1,0
BRDA:9,6,0,0
BRDA:9,6,1,0
BRF:14
BRH:0
end_of_record
TN:
SF:src/users/controllers/users.controller.ts
FN:10,(anonymous_4)
FN:13,(anonymous_5)
FN:18,(anonymous_6)
FNF:3
FNH:0
FNDA:0,(anonymous_4)
FNDA:0,(anonymous_5)
FNDA:0,(anonymous_6)
DA:1,0
DA:2,0
DA:3,0
DA:4,0
DA:5,0
DA:9,0
DA:10,0
DA:13,0
DA:14,0
DA:18,0
DA:22,0
LF:11
LH:0
BRDA:20,0,0,0
BRDA:20,0,1,0
BRDA:20,1,0,0
BRDA:20,1,1,0
BRDA:10,2,0,0
BRDA:10,2,1,0
BRDA:10,3,0,0
BRDA:10,3,1,0
BRF:8
BRH:0
end_of_record
TN:
SF:src/users/dto/update-user.dto.ts
FNF:0
FNH:0
DA:1,0
DA:3,0
DA:7,0
DA:12,0
LF:4
LH:0
BRF:0
BRH:0
end_of_record
TN:
SF:src/users/services/users.service.ts
FN:7,(anonymous_2)
FN:9,(anonymous_3)
FN:27,(anonymous_4)
FNF:3
FNH:0
FNDA:0,(anonymous_2)
FNDA:0,(anonymous_3)
FNDA:0,(anonymous_4)
DA:1,0
DA:2,0
DA:6,0
DA:7,0
DA:10,0
DA:11,0
DA:12,0
DA:15,0
DA:28,0
DA:29,0
DA:30,0
DA:33,0
DA:38,0
DA:40,0
LF:14
LH:0
BRDA:11,0,0,0
BRDA:11,0,1,0
BRDA:29,1,0,0
BRDA:29,1,1,0
BRDA:34,2,0,0
BRDA:34,2,1,0
BRDA:35,3,0,0
BRDA:35,3,1,0
BRDA:7,4,0,0
BRDA:7,4,1,0
BRDA:7,5,0,0
BRDA:7,5,1,0
BRF:12
BRH:0
end_of_record
TN:
SF:src/workflows/controllers/workflows.controller.ts
FN:11,(anonymous_4)
FN:14,(anonymous_5)
FN:22,(anonymous_6)
FN:35,(anonymous_7)
FN:38,(anonymous_8)
FN:46,(anonymous_9)
FNF:6
FNH:0
FNDA:0,(anonymous_4)
FNDA:0,(anonymous_5)
FNDA:0,(anonymous_6)
FNDA:0,(anonymous_7)
FNDA:0,(anonymous_8)
FNDA:0,(anonymous_9)
DA:1,0
DA:2,0
DA:3,0
DA:4,0
DA:5,0
DA:6,0
DA:10,0
DA:11,0
DA:14,0
DA:18,0
DA:22,0
DA:27,0
DA:34,0
DA:35,0
DA:38,0
DA:42,0
DA:46,0
DA:51,0
LF:18
LH:0
BRDA:25,0,0,0
BRDA:25,0,1,0
BRDA:25,1,0,0
BRDA:25,1,1,0
BRDA:11,2,0,0
BRDA:11,2,1,0
BRDA:11,3,0,0
BRDA:11,3,1,0
BRDA:49,4,0,0
BRDA:49,4,1,0
BRDA:49,5,0,0
BRDA:49,5,1,0
BRDA:35,6,0,0
BRDA:35,6,1,0
BRDA:35,7,0,0
BRDA:35,7,1,0
BRF:16
BRH:0
end_of_record
TN:
SF:src/workflows/dto/create-workflow.dto.ts
FNF:0
FNH:0
DA:1,0
DA:3,0
DA:7,0
DA:10,0
DA:14,0
DA:18,0
DA:22,0
LF:7
LH:0
BRF:0
BRH:0
end_of_record
TN:
SF:src/workflows/dto/update-workflow.dto.ts
FNF:0
FNH:0
DA:1,0
DA:3,0
DA:7,0
DA:11,0
DA:15,0
LF:5
LH:0
BRF:0
BRH:0
end_of_record
TN:
SF:src/workflows/services/workflows.service.ts
FN:10,(anonymous_2)
FN:16,(anonymous_3)
FN:30,(anonymous_4)
FN:34,(anonymous_5)
FN:67,(anonymous_6)
FN:81,(anonymous_7)
FN:107,(anonymous_8)
FN:112,(anonymous_9)
FN:117,(anonymous_10)
FN:123,(anonymous_11)
FN:137,(anonymous_12)
FNF:11
FNH:0
FNDA:0,(anonymous_2)
FNDA:0,(anonymous_3)
FNDA:0,(anonymous_4)
FNDA:0,(anonymous_5)
FNDA:0,(anonymous_6)
FNDA:0,(anonymous_7)
FNDA:0,(anonymous_8)
FNDA:0,(anonymous_9)
FNDA:0,(anonymous_10)
FNDA:0,(anonymous_11)
FNDA:0,(anonymous_12)
DA:1,0
DA:2,0
DA:3,0
DA:4,0
DA:9,0
DA:11,0
DA:12,0
DA:13,0
DA:18,0
DA:19,0
DA:20,0
DA:23,0
DA:24,0
DA:27,0
DA:29,0
DA:30,0
DA:36,0
DA:37,0
DA:38,0
DA:41,0
DA:42,0
DA:46,0
DA:47,0
DA:51,0
DA:52,0
DA:54,0
DA:64,0
DA:68,0
DA:69,0
DA:70,0
DA:74,0
DA:75,0
DA:78,0
DA:82,0
DA:83,0
DA:84,0
DA:87,0
DA:88,0
DA:92,0
DA:93,0
DA:97,0
DA:104,0
DA:108,0
DA:109,0
DA:110,0
DA:112,0
DA:114,0
DA:118,0
DA:119,0
DA:120,0
DA:124,0
DA:138,0
LF:52
LH:0
BRDA:19,0,0,0
BRDA:19,0,1,0
BRDA:23,1,0,0
BRDA:23,1,1,0
BRDA:37,2,0,0
BRDA:37,2,1,0
BRDA:41,3,0,0
BRDA:41,3,1,0
BRDA:46,4,0,0
BRDA:46,4,1,0
BRDA:52,5,0,0
BRDA:52,5,1,0
BRDA:69,6,0,0
BRDA:69,6,1,0
BRDA:74,7,0,0
BRDA:74,7,1,0
BRDA:83,8,0,0
BRDA:83,8,1,0
BRDA:87,9,0,0
BRDA:87,9,1,0
BRDA:93,10,0,0
BRDA:93,10,1,0
BRDA:98,11,0,0
BRDA:98,11,1,0
BRDA:99,12,0,0
BRDA:99,12,1,0
BRDA:100,13,0,0
BRDA:100,13,1,0
BRDA:101,14,0,0
BRDA:101,14,1,0
BRDA:108,15,0,0
BRDA:108,15,1,0
BRDA:110,16,0,0
BRDA:110,16,1,0
BRDA:112,17,0,0
BRDA:112,17,1,0
BRDA:119,18,0,0
BRDA:119,18,1,0
BRDA:11,19,0,0
BRDA:11,19,1,0
BRDA:11,20,0,0
BRDA:11,20,1,0
BRDA:11,21,0,0
BRDA:11,21,1,0
BRDA:11,22,0,0
BRDA:11,22,1,0
BRDA:12,23,0,0
BRDA:12,23,1,0
BRDA:12,24,0,0
BRDA:12,24,1,0
BRF:50
BRH:0
end_of_record
